<?xml version="1.0" encoding="UTF-8" ?>
<testsuite errors="0" failures="0" hostname="MCSSIV02" name="com.wm.ps.test.WmTestSuite [wmTestSuite]" tests="4" time="0.17" timestamp="2017-07-04T11:41:33">
  <properties>
[...]
</properties>
  <testcase classname="com.wm.ps.test.WmTestCase" name="Service1TestSuccess" time="0.039" />
  <testcase classname="com.wm.ps.test.WmTestCase" name="Service1TestException" time="0.109" />
  <testcase classname="com.wm.ps.test.WmTestCase" name="Service2TestSuccess" time="0.002" />
  <testcase classname="com.wm.ps.test.WmTestCase" name="Service2TestException" time="0.008" />
  <system-out><![CDATA[]]></system-out>
  <system-err><![CDATA[]]></system-err>
</testsuite>
